c:\users\gameuser\documents\gameseng\component entity\entity component\entity component\debug\vc141.pdb
c:\users\gameuser\documents\gameseng\component entity\entity component\entity component\debug\vc141.idb
c:\users\gameuser\documents\gameseng\component entity\entity component\entity component\debug\aicomponent.obj
c:\users\gameuser\documents\gameseng\component entity\entity component\entity component\debug\game.obj
c:\users\gameuser\documents\gameseng\component entity\entity component\entity component\debug\gameobject.obj
c:\users\gameuser\documents\gameseng\component entity\entity component\entity component\debug\healthcomponent.obj
c:\users\gameuser\documents\gameseng\component entity\entity component\entity component\debug\positioncomponent.obj
c:\users\gameuser\documents\gameseng\component entity\entity component\entity component\debug\rendercomponent.obj
c:\users\gameuser\documents\gameseng\component entity\entity component\entity component\debug\source.obj
c:\users\gameuser\documents\gameseng\component entity\entity component\entity component\debug\controlcomponent.obj
c:\users\gameuser\documents\gameseng\component entity\entity component\entity component\debug\player.obj
c:\users\gameuser\documents\gameseng\component entity\entity component\entity component\debug\positionsystem.obj
c:\users\gameuser\documents\gameseng\component entity\entity component\entity component\debug\rendersystem.obj
c:\users\gameuser\documents\gameseng\component entity\entity component\entity component\debug\healthsystem.obj
c:\users\gameuser\documents\gameseng\component entity\entity component\entity component\debug\aisystem.obj
c:\users\gameuser\documents\gameseng\component entity\entity component\entity component\debug\alien.obj
c:\users\gameuser\documents\gameseng\component entity\entity component\entity component\debug\cat.obj
c:\users\gameuser\documents\gameseng\component entity\entity component\entity component\debug\controlsystem.obj
c:\users\gameuser\documents\gameseng\component entity\entity component\entity component\debug\dog.obj
c:\users\gameuser\documents\gameseng\component entity\entity component\debug\entity component.ilk
c:\users\gameuser\documents\gameseng\component entity\entity component\debug\entity component.exe
c:\users\gameuser\documents\gameseng\component entity\entity component\debug\entity component.pdb
c:\users\gameuser\documents\gameseng\component entity\entity component\entity component\debug\entity component.tlog\cl.command.1.tlog
c:\users\gameuser\documents\gameseng\component entity\entity component\entity component\debug\entity component.tlog\cl.read.1.tlog
c:\users\gameuser\documents\gameseng\component entity\entity component\entity component\debug\entity component.tlog\cl.write.1.tlog
c:\users\gameuser\documents\gameseng\component entity\entity component\entity component\debug\entity component.tlog\link-cvtres.read.1.tlog
c:\users\gameuser\documents\gameseng\component entity\entity component\entity component\debug\entity component.tlog\link-cvtres.write.1.tlog
c:\users\gameuser\documents\gameseng\component entity\entity component\entity component\debug\entity component.tlog\link-rc.read.1.tlog
c:\users\gameuser\documents\gameseng\component entity\entity component\entity component\debug\entity component.tlog\link-rc.write.1.tlog
c:\users\gameuser\documents\gameseng\component entity\entity component\entity component\debug\entity component.tlog\link.12948.read.1.tlog
c:\users\gameuser\documents\gameseng\component entity\entity component\entity component\debug\entity component.tlog\link.12948.write.1.tlog
c:\users\gameuser\documents\gameseng\component entity\entity component\entity component\debug\entity component.tlog\link.command.1.tlog
c:\users\gameuser\documents\gameseng\component entity\entity component\entity component\debug\entity component.tlog\link.read.1.tlog
c:\users\gameuser\documents\gameseng\component entity\entity component\entity component\debug\entity component.tlog\link.write.1.tlog
